<?xml version="1.0" encoding="UTF-8"?>
<!-- Generated by org.testng.reporters.JUnitReportReporter -->
<testsuite hostname="DESKTOP-5EQ2V4T" name="com.testcase.Facebook_LoginTestcase" tests="1" failures="0" timestamp="1 Jul 2020 18:32:12 GMT" time="1.655" errors="0">
  <testcase name="Login" time="1.655" classname="com.testcase.Facebook_LoginTestcase"/>
</testsuite> <!-- com.testcase.Facebook_LoginTestcase -->
