<?xml version="1.0" encoding="UTF-8"?>
<!-- Generated by org.testng.reporters.JUnitReportReporter -->
<testsuite hostname="DESKTOP-5EQ2V4T" name="Request_Methods.RequestMethod" tests="1" failures="0" timestamp="25 Jun 2020 21:27:02 GMT" time="8.240" errors="0">
  <testcase name="RequestMethods" time="8.240" classname="Request_Methods.RequestMethod"/>
</testsuite> <!-- Request_Methods.RequestMethod -->
