<?xml version="1.0" encoding="UTF-8"?>
<!-- Generated by org.testng.reporters.JUnitReportReporter -->
<testsuite hostname="DESKTOP-5EQ2V4T" name="Request_Methods.Request_And_Response_Specification" tests="1" failures="0" timestamp="26 Jun 2020 18:39:44 GMT" time="8.440" errors="0">
  <testcase name="specification" time="8.440" classname="Request_Methods.Request_And_Response_Specification"/>
</testsuite> <!-- Request_Methods.Request_And_Response_Specification -->
