<?xml version="1.0" encoding="UTF-8"?>
<!-- Generated by org.testng.reporters.JUnitReportReporter -->
<testsuite hostname="DESKTOP-5EQ2V4T" name="Request_Methods.Serialization_And_Deserialization" tests="1" failures="0" timestamp="26 Jun 2020 18:47:35 GMT" time="5.788" errors="0">
  <testcase name="postRequest" time="5.788" classname="Request_Methods.Serialization_And_Deserialization"/>
</testsuite> <!-- Request_Methods.Serialization_And_Deserialization -->
